<?xml version="1.0" encoding="UTF-8"?>
<!-- Generated by org.testng.reporters.JUnitXMLReporter -->
<testsuite ignored="0" hostname="LAPTOP-NPEQ6NRP" failures="0" tests="3" name="Test" time="54.767" errors="0" timestamp="2025-02-09T20:34:36 IST">
  <testcase classname="assignment_testng.Assignment105_Amazon_Login_Search_Logout" name="login" time="6.536"/>
  <testcase classname="assignment_testng.Assignment105_Amazon_Login_Search_Logout" name="searchproduct" time="6.465"/>
  <testcase classname="assignment_testng.Assignment105_Amazon_Login_Search_Logout" name="logout" time="12.477"/>
</testsuite> <!-- Test -->
