<?xml version="1.0" encoding="UTF-8"?>
<!-- Generated by org.testng.reporters.JUnitXMLReporter -->
<testsuite ignored="0" hostname="LAPTOP-NPEQ6NRP" failures="0" tests="5" name="Test" time="239.543" errors="0" timestamp="2025-01-25T18:09:04 IST">
  <testcase classname="packageofamazon.Project_Maven_Amazon.Testcase1" name="login_searchproduct_logout" time="21.02"/>
  <testcase classname="packageofamazon.Project_Maven_Amazon.TestCase2" name="login_searching_wishlist_cart" time="35.887"/>
  <testcase classname="packageofamazon.Project_Maven_Amazon.TestCase3" name="login_searching_wishlist_incProductcart" time="39.006"/>
  <testcase classname="packageofamazon.Project_Maven_Amazon.TestCase4" name="login_searching_wishlist_decProductqty" time="38.167"/>
  <testcase classname="packageofamazon.Project_Maven_Amazon.TestCase5" name="login_cart_cod_logout" time="45.739"/>
</testsuite> <!-- Test -->
