<?xml version="1.0" encoding="UTF-8"?>
<!-- Generated by org.testng.reporters.JUnitXMLReporter -->
<testsuite ignored="0" hostname="LAPTOP-NPEQ6NRP" failures="0" tests="5" name="Test" time="282.799" errors="0" timestamp="2025-02-06T13:26:10 IST">
  <testcase classname="packageofamazon.Project_Maven_Amazon.Testcase1" name="login_searchproduct_logout" time="20.603"/>
  <testcase classname="packageofamazon.Project_Maven_Amazon.TestCase2" name="login_searching_wishlist_cart" time="38.008"/>
  <testcase classname="packageofamazon.Project_Maven_Amazon.TestCase3" name="login_searching_wishlist_incProductcart" time="48.714"/>
  <testcase classname="packageofamazon.Project_Maven_Amazon.TestCase4" name="login_searching_wishlist_decProductqty" time="56.276"/>
  <testcase classname="packageofamazon.Project_Maven_Amazon.TestCase5" name="login_cart_cod_logout" time="46.472"/>
</testsuite> <!-- Test -->
