<?xml version="1.0" encoding="UTF-8"?>
<!-- Generated by org.testng.reporters.JUnitXMLReporter -->
<testsuite ignored="1" hostname="LAPTOP-NPEQ6NRP" failures="0" tests="2" name="AmazonTest" time="52.637" errors="0" timestamp="2025-02-05T13:23:40 IST">
  <testcase classname="assignment_testng.AmazonTest" name="loginTest" time="16.316"/>
  <testcase classname="assignment_testng.AmazonTest" name="searchProductTest" time="23.03"/>
  <testcase classname="assignment_testng.AmazonTest" name="logoutTest" time="0.0">
    <ignored/>
  </testcase> <!-- logoutTest -->
</testsuite> <!-- AmazonTest -->
