<?xml version="1.0" encoding="UTF-8"?>
<testng-results ignored="0" total="1" passed="1" failed="0" skipped="0">
  <reporter-output>
  </reporter-output>
  <suite started-at="2025-02-06T14:12:00 IST" name="Default suite" finished-at="2025-02-06T14:12:32 IST" duration-ms="32214">
    <groups>
    </groups>
    <test started-at="2025-02-06T14:12:00 IST" name="Default test" finished-at="2025-02-06T14:12:32 IST" duration-ms="32214">
      <class name="packageofamazon.Project_Maven_Amazon.Testcase1">
        <test-method is-config="true" signature="launch()[pri:0, instance:packageofamazon.Project_Maven_Amazon.Testcase1@5c33f1a9]" started-at="2025-02-06T14:12:00 IST" name="launch" finished-at="2025-02-06T14:12:10 IST" duration-ms="9722" status="PASS">
          <reporter-output>
          </reporter-output>
        </test-method> <!-- launch -->
        <test-method signature="login_searchproduct_logout()[pri:0, instance:packageofamazon.Project_Maven_Amazon.Testcase1@5c33f1a9]" started-at="2025-02-06T14:12:10 IST" name="login_searchproduct_logout" finished-at="2025-02-06T14:12:28 IST" duration-ms="18429" status="PASS">
          <reporter-output>
          </reporter-output>
        </test-method> <!-- login_searchproduct_logout -->
        <test-method is-config="true" signature="quit()[pri:0, instance:packageofamazon.Project_Maven_Amazon.Testcase1@5c33f1a9]" started-at="2025-02-06T14:12:28 IST" name="quit" finished-at="2025-02-06T14:12:32 IST" duration-ms="3975" status="PASS">
          <reporter-output>
          </reporter-output>
        </test-method> <!-- quit -->
      </class> <!-- packageofamazon.Project_Maven_Amazon.Testcase1 -->
    </test> <!-- Default test -->
  </suite> <!-- Default suite -->
</testng-results>
